<?xml version="1.0" encoding="UTF-8"?>
<testsuite name="SILab2Test" tests="1" skipped="0" failures="0" errors="0" timestamp="2020-06-06T22:26:22" hostname="Nina-Mitevskas-MacBook-Pro.local" time="0.032">
  <properties/>
  <testcase name="MultipleCondition()" classname="SILab2Test" time="0.032"/>
  <system-out><![CDATA[]]></system-out>
  <system-err><![CDATA[]]></system-err>
</testsuite>
